<?xml version="1.0" encoding="UTF-8"?>
<testsuite name="modelChecker.ModelCheckerTest" tests="1" skipped="0" failures="0" errors="0" timestamp="2019-11-11T20:26:04" hostname="DESKTOP-ULC1OGV" time="0.157">
  <properties/>
  <testcase name="buildAndCheckModel" classname="modelChecker.ModelCheckerTest" time="0.157"/>
  <system-out><![CDATA[Hi
s0-[act1]-s1
s0-[act2]-s2
s1-[act2]-s2
s2-[act2]-s0
s2-s0
s0-s1
s0-s2
]]></system-out>
  <system-err><![CDATA[]]></system-err>
</testsuite>
